{
  "RSpec": {
    "coverage": {
      "/Users/orsontamin/Code/Jesselton-Pixel/wastays/app/helpers/admin/hotels_helper.rb": {
        "lines": [
          1,
          null
        ]
      },
      "/Users/orsontamin/Code/Jesselton-Pixel/wastays/app/helpers/application_helper.rb": {
        "lines": [
          1,
          null
        ]
      },
      "/Users/orsontamin/Code/Jesselton-Pixel/wastays/app/models/hotel.rb": {
        "lines": [
          1,
          1,
          null,
          1,
          1,
          1,
          1,
          1,
          null,
          1,
          1,
          1,
          1,
          null,
          null,
          1,
          null,
          null,
          null,
          null,
          null,
          null,
          null,
          null,
          null,
          null,
          1,
          0,
          null,
          null,
          1,
          0,
          null,
          null,
          1,
          0,
          null,
          null,
          1,
          0,
          null,
          null,
          1,
          0,
          null,
          null,
          1,
          0,
          null,
          null,
          1,
          0,
          null,
          null,
          1,
          0,
          null,
          null,
          1,
          0,
          null,
          null,
          1,
          0,
          null,
          null
        ]
      },
      "/Users/orsontamin/Code/Jesselton-Pixel/wastays/app/models/application_record.rb": {
        "lines": [
          1,
          1,
          null
        ]
      },
      "/Users/orsontamin/Code/Jesselton-Pixel/wastays/app/models/concerns/account_scopable.rb": {
        "lines": [
          1,
          1,
          null,
          1,
          2,
          2,
          null,
          2,
          null,
          null
        ]
      },
      "/Users/orsontamin/Code/Jesselton-Pixel/wastays/app/helpers/hotel/onboarding_helper.rb": {
        "lines": [
          1,
          1,
          0,
          0,
          null,
          0,
          null,
          null,
          null,
          1,
          0,
          0,
          0,
          null,
          0,
          null,
          null,
          null,
          1,
          0,
          null,
          null,
          1,
          0,
          0,
          null,
          0,
          null,
          null,
          null
        ]
      },
      "/Users/orsontamin/Code/Jesselton-Pixel/wastays/app/helpers/hotel/profiles_helper.rb": {
        "lines": [
          1,
          null
        ]
      },
      "/Users/orsontamin/Code/Jesselton-Pixel/wastays/app/helpers/hotel/property_policies_helper.rb": {
        "lines": [
          1,
          null
        ]
      },
      "/Users/orsontamin/Code/Jesselton-Pixel/wastays/app/helpers/hotel/room_types_helper.rb": {
        "lines": [
          1,
          null
        ]
      },
      "/Users/orsontamin/Code/Jesselton-Pixel/wastays/app/helpers/public/registrations_helper.rb": {
        "lines": [
          1,
          null
        ]
      },
      "/Users/orsontamin/Code/Jesselton-Pixel/wastays/app/helpers/static_pages_helper.rb": {
        "lines": [
          1,
          null
        ]
      },
      "/Users/orsontamin/Code/Jesselton-Pixel/wastays/app/services/hotel_ops/bulk_update_rates.rb": {
        "lines": [
          1,
          1,
          1,
          7,
          7,
          7,
          7,
          7,
          7,
          7,
          null,
          null,
          1,
          7,
          7,
          37,
          37,
          37,
          37,
          37,
          null,
          null,
          35,
          34,
          null,
          null,
          null,
          null,
          null,
          null,
          null,
          null,
          null,
          5,
          null,
          null,
          2,
          null,
          null,
          null
        ]
      },
      "/Users/orsontamin/Code/Jesselton-Pixel/wastays/app/services/hotel_ops/bulk_update_inventory.rb": {
        "lines": [
          1,
          1,
          1,
          7,
          7,
          7,
          7,
          7,
          7,
          7,
          null,
          null,
          1,
          7,
          7,
          37,
          37,
          37,
          null,
          37,
          37,
          37,
          null,
          35,
          34,
          null,
          null,
          null,
          null,
          null,
          null,
          null,
          null,
          null,
          5,
          null,
          null,
          2,
          null,
          null,
          null
        ]
      },
      "/Users/orsontamin/Code/Jesselton-Pixel/wastays/app/models/room_rate.rb": {
        "lines": [
          1,
          1,
          null,
          1,
          1,
          1,
          1,
          null
        ]
      },
      "/Users/orsontamin/Code/Jesselton-Pixel/wastays/app/models/account.rb": {
        "lines": [
          1,
          1,
          1,
          1,
          null,
          1,
          1,
          1,
          null,
          1,
          null,
          1,
          null,
          1,
          null,
          1,
          14,
          null,
          null
        ]
      },
      "/Users/orsontamin/Code/Jesselton-Pixel/wastays/app/models/room_type.rb": {
        "lines": [
          1,
          1,
          null,
          1,
          1,
          1,
          null,
          1,
          1,
          1,
          1,
          null
        ]
      },
      "/Users/orsontamin/Code/Jesselton-Pixel/wastays/app/models/concerns/hotel_scopable.rb": {
        "lines": [
          1,
          1,
          null,
          1,
          1,
          1,
          null,
          1,
          null,
          null
        ]
      },
      "/Users/orsontamin/Code/Jesselton-Pixel/wastays/app/models/user.rb": {
        "lines": [
          1,
          1,
          null,
          1,
          null,
          1,
          1,
          1,
          null,
          1,
          1,
          null,
          1,
          1,
          1,
          null,
          1,
          null,
          1,
          0,
          null,
          null,
          1,
          0,
          null,
          null,
          1,
          0,
          null,
          0,
          null,
          0,
          0,
          0,
          null,
          null,
          0,
          null,
          null,
          null
        ]
      },
      "/Users/orsontamin/Code/Jesselton-Pixel/wastays/app/models/inventory_audit_log.rb": {
        "lines": [
          1,
          1,
          1,
          1,
          null,
          1,
          null
        ]
      },
      "/Users/orsontamin/Code/Jesselton-Pixel/wastays/app/models/room_inventory.rb": {
        "lines": [
          1,
          1,
          null,
          1,
          1,
          1,
          1,
          null,
          1,
          1,
          null
        ]
      },
      "/Users/orsontamin/Code/Jesselton-Pixel/wastays/app/controllers/admin/dashboard_controller.rb": {
        "lines": [
          0,
          0,
          null,
          0,
          0,
          0,
          0,
          0
        ],
        "branches": {}
      },
      "/Users/orsontamin/Code/Jesselton-Pixel/wastays/app/controllers/admin/hotels_controller.rb": {
        "lines": [
          0,
          0,
          0,
          null,
          0,
          0,
          0,
          null,
          0,
          0,
          null,
          0,
          0,
          0,
          0,
          0,
          0,
          0,
          null,
          0,
          0,
          0,
          0,
          0,
          0,
          0,
          null,
          0,
          null,
          0,
          0,
          0,
          0
        ],
        "branches": {}
      },
      "/Users/orsontamin/Code/Jesselton-Pixel/wastays/app/controllers/application_controller.rb": {
        "lines": [
          0,
          0,
          null,
          null,
          0,
          null,
          0,
          null,
          0,
          null,
          0,
          null,
          0,
          0,
          0,
          0,
          null,
          0,
          0,
          0,
          null,
          0,
          0,
          0,
          null,
          0,
          0,
          0,
          0,
          0,
          null,
          0,
          0,
          0,
          0,
          0,
          0,
          null,
          0,
          0,
          0,
          0,
          0,
          0,
          0,
          null,
          0,
          0,
          0,
          0,
          0,
          0,
          0,
          null,
          0,
          0,
          0,
          0,
          0,
          null,
          0,
          0
        ],
        "branches": {}
      },
      "/Users/orsontamin/Code/Jesselton-Pixel/wastays/app/controllers/hotel/dashboard_controller.rb": {
        "lines": [
          0,
          0,
          0,
          null,
          0,
          0,
          0,
          null,
          0,
          null,
          0,
          0,
          0,
          0,
          null,
          0,
          0,
          0,
          null,
          0,
          0,
          0,
          0,
          0,
          0,
          0
        ],
        "branches": {}
      },
      "/Users/orsontamin/Code/Jesselton-Pixel/wastays/app/controllers/hotel/inventories_controller.rb": {
        "lines": [
          0,
          0,
          0,
          0,
          null,
          0,
          0,
          0,
          0,
          null,
          0,
          0,
          null,
          0,
          0,
          null,
          0,
          0,
          0,
          0,
          0,
          0,
          0,
          0,
          0,
          null,
          0,
          0,
          0,
          0,
          0,
          0,
          null,
          0,
          null,
          0,
          0,
          0,
          null,
          0,
          0,
          0,
          0
        ],
        "branches": {}
      },
      "/Users/orsontamin/Code/Jesselton-Pixel/wastays/app/controllers/hotel/inventory_audit_logs_controller.rb": {
        "lines": [
          0,
          0,
          0,
          null,
          0,
          0,
          0,
          0,
          0
        ],
        "branches": {}
      },
      "/Users/orsontamin/Code/Jesselton-Pixel/wastays/app/controllers/hotel/profiles_controller.rb": {
        "lines": [
          0,
          0,
          0,
          null,
          0,
          0,
          0,
          0,
          null,
          0,
          0,
          0,
          null,
          0,
          0,
          0,
          0,
          0,
          0,
          0,
          null,
          0,
          null,
          0,
          0,
          0,
          0
        ],
        "branches": {}
      },
      "/Users/orsontamin/Code/Jesselton-Pixel/wastays/app/controllers/hotel/property_policies_controller.rb": {
        "lines": [
          0,
          0,
          0,
          null,
          0,
          0,
          0,
          0,
          0,
          null,
          0,
          0,
          0,
          0,
          null,
          0,
          0,
          0,
          0,
          0,
          0,
          0,
          null,
          0,
          null,
          0,
          0,
          0,
          0
        ],
        "branches": {}
      },
      "/Users/orsontamin/Code/Jesselton-Pixel/wastays/app/controllers/hotel/rates_controller.rb": {
        "lines": [
          0,
          0,
          0,
          0,
          null,
          0,
          0,
          0,
          0,
          null,
          0,
          0,
          null,
          0,
          0,
          null,
          0,
          0,
          0,
          0,
          0,
          0,
          0,
          0,
          0,
          null,
          0,
          0,
          0,
          0,
          0,
          0,
          null,
          0,
          null,
          0,
          0,
          0,
          null,
          0,
          0,
          0,
          0
        ],
        "branches": {}
      },
      "/Users/orsontamin/Code/Jesselton-Pixel/wastays/app/controllers/hotel/room_types_controller.rb": {
        "lines": [
          0,
          0,
          0,
          0,
          null,
          0,
          0,
          0,
          0,
          null,
          0,
          0,
          0,
          0,
          null,
          0,
          0,
          0,
          null,
          0,
          0,
          0,
          0,
          0,
          0,
          0,
          null,
          0,
          0,
          0,
          null,
          0,
          0,
          null,
          0,
          0,
          0,
          0,
          0,
          0,
          null,
          0,
          0,
          0,
          0,
          0,
          null,
          0,
          null,
          0,
          0,
          0,
          null,
          0,
          0,
          0,
          0
        ],
        "branches": {}
      },
      "/Users/orsontamin/Code/Jesselton-Pixel/wastays/app/controllers/public/registrations_controller.rb": {
        "lines": [
          0,
          0,
          0,
          0,
          0,
          0,
          null,
          0,
          0,
          0,
          0,
          0,
          0,
          null,
          0,
          0,
          0,
          0,
          0,
          0,
          0,
          0,
          0,
          0,
          0,
          null,
          0,
          null,
          0,
          0,
          0,
          null,
          0,
          0,
          0,
          null,
          0,
          0,
          0,
          0
        ],
        "branches": {}
      },
      "/Users/orsontamin/Code/Jesselton-Pixel/wastays/app/controllers/public/sessions_controller.rb": {
        "lines": [
          0,
          0,
          0,
          null,
          0,
          0,
          0,
          0,
          0,
          0,
          0,
          0,
          0,
          0,
          null,
          0,
          0,
          0,
          0,
          null,
          0,
          null,
          0,
          0,
          0,
          0,
          0,
          0,
          0,
          0
        ],
        "branches": {}
      },
      "/Users/orsontamin/Code/Jesselton-Pixel/wastays/app/controllers/static_pages_controller.rb": {
        "lines": [
          0,
          0,
          0,
          0
        ],
        "branches": {}
      },
      "/Users/orsontamin/Code/Jesselton-Pixel/wastays/app/jobs/application_job.rb": {
        "lines": [
          0,
          null,
          null,
          null,
          null,
          null,
          0
        ],
        "branches": {}
      },
      "/Users/orsontamin/Code/Jesselton-Pixel/wastays/app/mailers/application_mailer.rb": {
        "lines": [
          0,
          0,
          0,
          0
        ],
        "branches": {}
      },
      "/Users/orsontamin/Code/Jesselton-Pixel/wastays/app/models/cancellation_policy_template.rb": {
        "lines": [
          0,
          0
        ],
        "branches": {}
      },
      "/Users/orsontamin/Code/Jesselton-Pixel/wastays/app/models/permission.rb": {
        "lines": [
          0,
          0,
          0,
          null,
          0,
          0,
          null,
          0,
          null,
          0,
          null,
          0,
          0,
          0,
          0
        ],
        "branches": {}
      },
      "/Users/orsontamin/Code/Jesselton-Pixel/wastays/app/models/property_policy.rb": {
        "lines": [
          0,
          0,
          null,
          0,
          0,
          0
        ],
        "branches": {}
      },
      "/Users/orsontamin/Code/Jesselton-Pixel/wastays/app/models/role.rb": {
        "lines": [
          0,
          0,
          0,
          0,
          0,
          0,
          null,
          0,
          0,
          null,
          0,
          null,
          0,
          null,
          0,
          0,
          0,
          0
        ],
        "branches": {}
      },
      "/Users/orsontamin/Code/Jesselton-Pixel/wastays/app/models/role_permission.rb": {
        "lines": [
          0,
          0,
          0,
          0
        ],
        "branches": {}
      },
      "/Users/orsontamin/Code/Jesselton-Pixel/wastays/app/models/user_hotel_access.rb": {
        "lines": [
          0,
          0,
          0,
          0,
          null,
          0,
          0
        ],
        "branches": {}
      },
      "/Users/orsontamin/Code/Jesselton-Pixel/wastays/app/models/user_role.rb": {
        "lines": [
          0,
          0,
          0,
          0
        ],
        "branches": {}
      },
      "/Users/orsontamin/Code/Jesselton-Pixel/wastays/app/policies/application_policy.rb": {
        "lines": [
          null,
          null,
          0,
          0,
          null,
          0,
          0,
          0,
          0,
          null,
          0,
          0,
          0,
          null,
          0,
          0,
          0,
          null,
          0,
          0,
          0,
          null,
          0,
          0,
          0,
          null,
          0,
          0,
          0,
          null,
          0,
          0,
          0,
          null,
          0,
          0,
          0,
          null,
          0,
          0,
          0,
          0,
          0,
          null,
          0,
          0,
          0,
          null,
          0,
          null,
          0,
          0,
          0
        ],
        "branches": {}
      },
      "/Users/orsontamin/Code/Jesselton-Pixel/wastays/app/policies/hotel_policy.rb": {
        "lines": [
          0,
          0,
          0,
          0,
          null,
          0,
          0,
          0,
          null,
          0,
          0,
          0,
          null,
          0,
          0,
          0,
          0,
          0,
          0,
          0,
          0,
          0,
          0
        ],
        "branches": {}
      },
      "/Users/orsontamin/Code/Jesselton-Pixel/wastays/app/services/hotel_ops/create_hotel.rb": {
        "lines": [
          0,
          0,
          0,
          0,
          0,
          0,
          0,
          null,
          0,
          0,
          0,
          null,
          null,
          0,
          null,
          0,
          null,
          null,
          0,
          0,
          null,
          0,
          null,
          null,
          0,
          null,
          0,
          0,
          0,
          0,
          0,
          0,
          0
        ],
        "branches": {}
      },
      "/Users/orsontamin/Code/Jesselton-Pixel/wastays/app/services/hotel_ops/seed_account_roles.rb": {
        "lines": [
          0,
          0,
          0,
          0,
          0,
          0,
          0,
          0,
          null,
          0,
          0,
          0,
          0,
          0,
          null,
          0,
          0,
          0,
          0,
          0,
          0,
          0,
          0
        ],
        "branches": {}
      }
    },
    "timestamp": 1774423562
  }
}
