{
  "RSpec": {
    "coverage": {
      "/Users/orsontamin/Code/Jesselton-Pixel/wastays/app/helpers/admin/audit_logs_helper.rb": {
        "lines": [
          1,
          null
        ]
      },
      "/Users/orsontamin/Code/Jesselton-Pixel/wastays/app/helpers/admin/hotels_helper.rb": {
        "lines": [
          1,
          null
        ]
      },
      "/Users/orsontamin/Code/Jesselton-Pixel/wastays/app/helpers/admin/margin_rules_helper.rb": {
        "lines": [
          1,
          null
        ]
      },
      "/Users/orsontamin/Code/Jesselton-Pixel/wastays/app/helpers/admin/reconciliations_helper.rb": {
        "lines": [
          1,
          null
        ]
      },
      "/Users/orsontamin/Code/Jesselton-Pixel/wastays/app/helpers/api/v1/workflow_webhooks_helper.rb": {
        "lines": [
          1,
          null
        ]
      },
      "/Users/orsontamin/Code/Jesselton-Pixel/wastays/app/helpers/application_helper.rb": {
        "lines": [
          1,
          null
        ]
      },
      "/Users/orsontamin/Code/Jesselton-Pixel/wastays/app/helpers/country_options_helper.rb": {
        "lines": [
          1,
          1,
          0,
          null,
          0,
          0,
          0,
          0,
          null,
          0,
          null,
          null,
          null,
          null,
          0,
          0,
          null,
          0,
          null,
          null,
          null
        ]
      },
      "/Users/orsontamin/Code/Jesselton-Pixel/wastays/app/helpers/help_center_helper.rb": {
        "lines": [
          1,
          null
        ]
      },
      "/Users/orsontamin/Code/Jesselton-Pixel/wastays/app/helpers/hotel_portal/arrivals_helper.rb": {
        "lines": [
          1,
          null
        ]
      },
      "/Users/orsontamin/Code/Jesselton-Pixel/wastays/app/helpers/hotel_portal/audit_logs_helper.rb": {
        "lines": [
          1,
          null
        ]
      },
      "/Users/orsontamin/Code/Jesselton-Pixel/wastays/app/helpers/hotel_portal/bookings_helper.rb": {
        "lines": [
          1,
          null
        ]
      },
      "/Users/orsontamin/Code/Jesselton-Pixel/wastays/app/helpers/hotel_portal/bookings/booking_notes_helper.rb": {
        "lines": [
          1,
          null
        ]
      },
      "/Users/orsontamin/Code/Jesselton-Pixel/wastays/app/helpers/hotel_portal/onboarding_helper.rb": {
        "lines": [
          1,
          1,
          33,
          15,
          null,
          18,
          null,
          null,
          null,
          1,
          33,
          33,
          15,
          null,
          18,
          null,
          null,
          null,
          1,
          22,
          null,
          null,
          1,
          24,
          15,
          null,
          9,
          null,
          null,
          null
        ]
      },
      "/Users/orsontamin/Code/Jesselton-Pixel/wastays/app/helpers/hotel_portal/profiles_helper.rb": {
        "lines": [
          1,
          null
        ]
      },
      "/Users/orsontamin/Code/Jesselton-Pixel/wastays/app/helpers/hotel_portal/property_policies_helper.rb": {
        "lines": [
          1,
          null
        ]
      },
      "/Users/orsontamin/Code/Jesselton-Pixel/wastays/app/helpers/hotel_portal/reports_helper.rb": {
        "lines": [
          1,
          null
        ]
      },
      "/Users/orsontamin/Code/Jesselton-Pixel/wastays/app/helpers/hotel_portal/room_types_helper.rb": {
        "lines": [
          1,
          null
        ]
      },
      "/Users/orsontamin/Code/Jesselton-Pixel/wastays/app/helpers/public/hotels_helper.rb": {
        "lines": [
          1,
          null
        ]
      },
      "/Users/orsontamin/Code/Jesselton-Pixel/wastays/app/helpers/public/payment_mocks_helper.rb": {
        "lines": [
          1,
          null
        ]
      },
      "/Users/orsontamin/Code/Jesselton-Pixel/wastays/app/helpers/public/quotes_helper.rb": {
        "lines": [
          1,
          1,
          0,
          0,
          null,
          null,
          1,
          0,
          null,
          null,
          1,
          0,
          null,
          0,
          0,
          0,
          null,
          0,
          null,
          null
        ]
      },
      "/Users/orsontamin/Code/Jesselton-Pixel/wastays/app/helpers/public/registrations_helper.rb": {
        "lines": [
          1,
          null
        ]
      },
      "/Users/orsontamin/Code/Jesselton-Pixel/wastays/app/helpers/public/webhooks_helper.rb": {
        "lines": [
          1,
          null
        ]
      },
      "/Users/orsontamin/Code/Jesselton-Pixel/wastays/app/helpers/static_pages_helper.rb": {
        "lines": [
          1,
          null
        ]
      },
      "/Users/orsontamin/Code/Jesselton-Pixel/wastays/app/jobs/booking_engine/release_expired_holds_job.rb": {
        "lines": [
          1,
          1,
          1,
          null,
          1,
          1,
          null,
          1,
          1,
          null,
          null,
          null,
          1,
          null,
          1,
          1,
          1,
          1,
          1,
          1,
          null,
          1,
          2,
          2,
          2,
          null,
          null,
          null,
          null,
          1,
          null,
          null,
          0,
          null,
          null,
          null
        ]
      },
      "/Users/orsontamin/Code/Jesselton-Pixel/wastays/app/jobs/application_job.rb": {
        "lines": [
          1,
          null,
          null,
          null,
          null,
          null,
          null
        ]
      },
      "/Users/orsontamin/Code/Jesselton-Pixel/wastays/app/models/account.rb": {
        "lines": [
          1,
          1,
          1,
          1,
          1,
          null,
          1,
          1,
          1,
          null,
          1,
          null,
          1,
          null,
          1,
          null,
          1,
          94,
          null,
          null
        ]
      },
      "/Users/orsontamin/Code/Jesselton-Pixel/wastays/app/models/application_record.rb": {
        "lines": [
          1,
          1,
          null
        ]
      },
      "/Users/orsontamin/Code/Jesselton-Pixel/wastays/app/models/booking_guest.rb": {
        "lines": [
          1,
          1,
          1,
          null,
          1,
          null
        ]
      },
      "/Users/orsontamin/Code/Jesselton-Pixel/wastays/app/models/booking_note.rb": {
        "lines": [
          1,
          1,
          1,
          null,
          1,
          null
        ]
      },
      "/Users/orsontamin/Code/Jesselton-Pixel/wastays/app/models/booking.rb": {
        "lines": [
          1,
          1,
          1,
          1,
          1,
          1,
          1,
          1,
          null,
          1,
          1,
          1,
          null,
          1,
          1,
          1,
          null,
          1,
          0,
          null,
          null,
          1,
          1,
          1,
          null,
          1,
          null,
          1,
          1,
          null,
          1,
          1,
          1,
          9,
          15,
          null,
          1,
          4,
          null,
          null,
          1,
          2,
          null,
          null,
          1,
          0,
          null,
          null,
          1,
          0,
          null,
          null,
          1,
          null,
          1,
          15,
          null,
          null
        ]
      },
      "/Users/orsontamin/Code/Jesselton-Pixel/wastays/app/models/cancellation_policy_template.rb": {
        "lines": [
          1,
          null
        ]
      },
      "/Users/orsontamin/Code/Jesselton-Pixel/wastays/app/models/guest.rb": {
        "lines": [
          1,
          1,
          1,
          null,
          1,
          1,
          1,
          null,
          1,
          1,
          1,
          1,
          1,
          null,
          1,
          1,
          null,
          null,
          null,
          null,
          null,
          1,
          null,
          1,
          0,
          null,
          null,
          1,
          null,
          1,
          0,
          0,
          0,
          null,
          null
        ]
      },
      "/Users/orsontamin/Code/Jesselton-Pixel/wastays/app/models/hotel.rb": {
        "lines": [
          1,
          1,
          null,
          1,
          1,
          1,
          1,
          1,
          1,
          1,
          1,
          null,
          1,
          1,
          1,
          1,
          null,
          null,
          1,
          null,
          null,
          null,
          null,
          null,
          null,
          null,
          null,
          null,
          null,
          1,
          4,
          null,
          null,
          1,
          null,
          0,
          0,
          null,
          null,
          0,
          null,
          null,
          1,
          null,
          1,
          0,
          0,
          null,
          null,
          null,
          1,
          1,
          null,
          null,
          1,
          1,
          null,
          null,
          1,
          12,
          null,
          null,
          1,
          11,
          null,
          null,
          1,
          11,
          null,
          null,
          1,
          11,
          null,
          null,
          1,
          12,
          null,
          null,
          1,
          2,
          null,
          null,
          1,
          2,
          null,
          null,
          1,
          2,
          null,
          null,
          1,
          1,
          null,
          null,
          1,
          0,
          0,
          null,
          0,
          null,
          null,
          1,
          0,
          null,
          null,
          1,
          0,
          0,
          null,
          0,
          null,
          null,
          1,
          0,
          null,
          null
        ]
      },
      "/Users/orsontamin/Code/Jesselton-Pixel/wastays/app/models/concerns/account_scopable.rb": {
        "lines": [
          1,
          1,
          null,
          1,
          2,
          2,
          null,
          2,
          null,
          null
        ]
      },
      "/Users/orsontamin/Code/Jesselton-Pixel/wastays/app/models/inventory_audit_log.rb": {
        "lines": [
          1,
          1,
          1,
          1,
          null,
          1,
          null
        ]
      },
      "/Users/orsontamin/Code/Jesselton-Pixel/wastays/app/models/margin_rule.rb": {
        "lines": [
          1,
          1,
          null,
          1,
          1,
          null,
          1,
          null,
          3,
          null
        ]
      },
      "/Users/orsontamin/Code/Jesselton-Pixel/wastays/app/models/payment_setting.rb": {
        "lines": [
          1,
          1,
          null,
          1,
          1,
          1,
          null,
          1,
          1,
          null,
          1,
          null,
          1,
          null
        ]
      },
      "/Users/orsontamin/Code/Jesselton-Pixel/wastays/app/models/permission.rb": {
        "lines": [
          1,
          1,
          1,
          null,
          1,
          1,
          null,
          1,
          null,
          1,
          null,
          1,
          11,
          null,
          null
        ]
      },
      "/Users/orsontamin/Code/Jesselton-Pixel/wastays/app/models/pre_checkin.rb": {
        "lines": [
          1,
          1,
          null,
          1,
          1,
          null,
          1,
          1,
          1,
          null,
          1,
          null,
          1,
          0,
          null,
          null,
          1,
          null,
          1,
          1,
          null,
          null
        ]
      },
      "/Users/orsontamin/Code/Jesselton-Pixel/wastays/app/models/property_policy.rb": {
        "lines": [
          1,
          1,
          null,
          1,
          1,
          null
        ]
      },
      "/Users/orsontamin/Code/Jesselton-Pixel/wastays/app/models/role_permission.rb": {
        "lines": [
          1,
          1,
          1,
          null
        ]
      },
      "/Users/orsontamin/Code/Jesselton-Pixel/wastays/app/models/role.rb": {
        "lines": [
          1,
          1,
          1,
          1,
          1,
          1,
          null,
          1,
          1,
          null,
          1,
          null,
          1,
          null,
          1,
          42,
          null,
          null
        ]
      },
      "/Users/orsontamin/Code/Jesselton-Pixel/wastays/app/models/room_inventory.rb": {
        "lines": [
          1,
          1,
          null,
          1,
          1,
          1,
          1,
          null,
          1,
          1,
          null
        ]
      },
      "/Users/orsontamin/Code/Jesselton-Pixel/wastays/app/models/room_rate.rb": {
        "lines": [
          1,
          1,
          null,
          1,
          1,
          1,
          1,
          null
        ]
      },
      "/Users/orsontamin/Code/Jesselton-Pixel/wastays/app/models/room_type.rb": {
        "lines": [
          1,
          1,
          null,
          1,
          1,
          1,
          null,
          1,
          1,
          1,
          1,
          null
        ]
      },
      "/Users/orsontamin/Code/Jesselton-Pixel/wastays/app/models/concerns/hotel_scopable.rb": {
        "lines": [
          1,
          1,
          null,
          1,
          1,
          1,
          null,
          1,
          null,
          null
        ]
      },
      "/Users/orsontamin/Code/Jesselton-Pixel/wastays/app/models/user_hotel_access.rb": {
        "lines": [
          1,
          1,
          1,
          1,
          null,
          1,
          null
        ]
      },
      "/Users/orsontamin/Code/Jesselton-Pixel/wastays/app/models/user_role.rb": {
        "lines": [
          1,
          1,
          1,
          null
        ]
      },
      "/Users/orsontamin/Code/Jesselton-Pixel/wastays/app/models/user.rb": {
        "lines": [
          1,
          1,
          null,
          1,
          null,
          1,
          null,
          1,
          1,
          1,
          null,
          1,
          1,
          null,
          1,
          1,
          1,
          1,
          null,
          1,
          null,
          1,
          null,
          1,
          123,
          null,
          null,
          1,
          2,
          null,
          null,
          1,
          0,
          null,
          0,
          null,
          0,
          0,
          0,
          null,
          null,
          0,
          null,
          null,
          null,
          1,
          null,
          1,
          53,
          null,
          null
        ]
      },
      "/Users/orsontamin/Code/Jesselton-Pixel/wastays/app/models/webhook_event.rb": {
        "lines": [
          1,
          1,
          1,
          1,
          null,
          1,
          null,
          1,
          1,
          null
        ]
      },
      "/Users/orsontamin/Code/Jesselton-Pixel/wastays/app/services/booking_engine/availability_service.rb": {
        "lines": [
          1,
          1,
          1,
          12,
          12,
          12,
          12,
          12,
          12,
          12,
          null,
          null,
          1,
          null,
          5,
          5,
          null,
          null,
          null,
          5,
          2,
          null,
          null,
          null,
          1,
          null,
          8,
          8,
          null,
          null,
          null,
          null,
          8,
          null,
          null,
          8,
          null,
          7,
          null,
          null,
          7,
          9,
          null,
          7,
          null,
          null,
          3,
          null,
          null,
          3,
          null,
          3,
          null,
          null,
          8,
          null,
          null,
          1,
          2,
          2,
          2,
          null,
          null,
          1,
          null,
          1,
          24,
          6,
          null,
          null,
          0,
          null,
          0,
          null,
          null,
          null,
          null
        ]
      },
      "/Users/orsontamin/Code/Jesselton-Pixel/wastays/app/services/booking_engine/create_quote.rb": {
        "lines": [
          1,
          null,
          1,
          1,
          1,
          2,
          2,
          2,
          2,
          2,
          2,
          2,
          null,
          null,
          1,
          2,
          null,
          2,
          null,
          null,
          null,
          null,
          null,
          null,
          null,
          2,
          2,
          1,
          null,
          null,
          null,
          1,
          1,
          1,
          null,
          null,
          1,
          null,
          null,
          null,
          null,
          null,
          null,
          null,
          null,
          null,
          null,
          null,
          null,
          1,
          null,
          1,
          null,
          null,
          null,
          null,
          null,
          null,
          null,
          null,
          null,
          1,
          1,
          1,
          null,
          0,
          null,
          null,
          0,
          null,
          null,
          null,
          0,
          null,
          null,
          null
        ]
      },
      "/Users/orsontamin/Code/Jesselton-Pixel/wastays/app/services/hotel_ops/bulk_update_inventory.rb": {
        "lines": [
          1,
          1,
          1,
          7,
          7,
          7,
          7,
          7,
          7,
          7,
          null,
          null,
          1,
          7,
          7,
          37,
          37,
          37,
          null,
          37,
          37,
          37,
          null,
          35,
          34,
          null,
          null,
          null,
          null,
          null,
          null,
          null,
          null,
          null,
          5,
          null,
          null,
          2,
          null,
          null,
          null
        ]
      },
      "/Users/orsontamin/Code/Jesselton-Pixel/wastays/app/services/hotel_ops/bulk_update_rates.rb": {
        "lines": [
          1,
          1,
          1,
          7,
          7,
          7,
          7,
          7,
          7,
          7,
          null,
          null,
          1,
          7,
          7,
          37,
          37,
          37,
          37,
          37,
          null,
          null,
          35,
          34,
          null,
          null,
          null,
          null,
          null,
          null,
          null,
          null,
          null,
          5,
          null,
          null,
          2,
          null,
          null,
          null
        ]
      },
      "/Users/orsontamin/Code/Jesselton-Pixel/wastays/app/services/hotel_ops/create_hotel.rb": {
        "lines": [
          1,
          1,
          1,
          8,
          8,
          8,
          null,
          null,
          1,
          8,
          8,
          null,
          null,
          7,
          null,
          7,
          null,
          null,
          6,
          6,
          null,
          6,
          null,
          null,
          6,
          null,
          6,
          null,
          null,
          2,
          null,
          null,
          null
        ]
      },
      "/Users/orsontamin/Code/Jesselton-Pixel/wastays/app/models/booking_quote.rb": {
        "lines": [
          1,
          1,
          1,
          null,
          1,
          1,
          null,
          1,
          null,
          1,
          null,
          1,
          19,
          null,
          null
        ]
      },
      "/Users/orsontamin/Code/Jesselton-Pixel/wastays/app/models/booking_quote_item.rb": {
        "lines": [
          1,
          1,
          1,
          null,
          1,
          null
        ]
      },
      "/Users/orsontamin/Code/Jesselton-Pixel/wastays/app/controllers/public/sessions_controller.rb": {
        "lines": [
          1,
          1,
          4,
          0,
          0,
          null,
          null,
          null,
          1,
          20,
          20,
          20,
          20,
          null,
          0,
          0,
          null,
          null,
          null,
          1,
          0,
          0,
          null,
          null,
          1,
          null,
          1,
          20,
          null,
          20,
          0,
          20,
          5,
          null,
          15,
          null,
          null,
          null
        ]
      },
      "/Users/orsontamin/Code/Jesselton-Pixel/wastays/app/controllers/application_controller.rb": {
        "lines": [
          1,
          1,
          null,
          null,
          1,
          null,
          1,
          null,
          1,
          1,
          null,
          1,
          null,
          1,
          0,
          0,
          null,
          null,
          1,
          335,
          null,
          null,
          1,
          68,
          null,
          null,
          1,
          50,
          0,
          0,
          0,
          null,
          50,
          null,
          null,
          1,
          9,
          9,
          0,
          null,
          null,
          null,
          1,
          145,
          0,
          39,
          0,
          null,
          39,
          null,
          null,
          null,
          1,
          0,
          0,
          null,
          0,
          null,
          null,
          null,
          1,
          39,
          0,
          null,
          null,
          null,
          1,
          0,
          0,
          null,
          null,
          1,
          87,
          87,
          null,
          null,
          1,
          null
        ]
      },
      "/Users/orsontamin/Code/Jesselton-Pixel/wastays/app/controllers/admin/audit_logs_controller.rb": {
        "lines": [
          1,
          1,
          1,
          null,
          null,
          1,
          1,
          null,
          1,
          0,
          null,
          null,
          1,
          1,
          null,
          null
        ]
      },
      "/Users/orsontamin/Code/Jesselton-Pixel/wastays/app/controllers/admin/base_controller.rb": {
        "lines": [
          1,
          1,
          1,
          1,
          null,
          null
        ]
      },
      "/Users/orsontamin/Code/Jesselton-Pixel/wastays/app/controllers/admin/margin_rules_controller.rb": {
        "lines": [
          1,
          1,
          1,
          1,
          null,
          null,
          1,
          0,
          0,
          null,
          0,
          0,
          null,
          0,
          0,
          null,
          null,
          null,
          1,
          0,
          0,
          0,
          null,
          null,
          1,
          null,
          1,
          0,
          null,
          null
        ]
      },
      "/Users/orsontamin/Code/Jesselton-Pixel/wastays/app/controllers/admin/reconciliations_controller.rb": {
        "lines": [
          1,
          1,
          1,
          1,
          1,
          null,
          null,
          1,
          1,
          null,
          null,
          1,
          0,
          null,
          0,
          0,
          null,
          0,
          0,
          null,
          null,
          null,
          null,
          null,
          null,
          null,
          null,
          null,
          null,
          null,
          null,
          null,
          0,
          0,
          0,
          null,
          0,
          0,
          null,
          null,
          null,
          1,
          0,
          0,
          0,
          null,
          null
        ]
      },
      "/Users/orsontamin/Code/Jesselton-Pixel/wastays/app/controllers/api/v1/workflow_webhooks_controller.rb": {
        "lines": [
          1,
          1,
          1,
          null,
          1,
          null,
          null,
          1,
          null,
          1,
          null,
          1,
          1,
          null,
          0,
          null,
          null,
          0,
          null,
          0,
          0,
          null,
          null,
          1,
          null,
          1,
          1,
          null,
          null
        ]
      },
      "/Users/orsontamin/Code/Jesselton-Pixel/wastays/app/services/guest_arrival/sync_workflow_event.rb": {
        "lines": [
          1,
          null,
          1,
          1,
          1,
          1,
          1,
          1,
          1,
          null,
          null,
          1,
          1,
          null,
          1,
          1,
          null,
          1,
          null,
          0,
          null,
          0,
          null,
          0,
          null,
          0,
          null,
          null,
          1,
          null,
          null,
          0,
          null,
          null,
          1,
          null,
          1,
          1,
          1,
          null,
          null,
          1,
          0,
          null,
          null,
          null,
          null,
          0,
          null,
          null,
          null,
          null,
          null,
          null
        ]
      },
      "/Users/orsontamin/Code/Jesselton-Pixel/wastays/app/controllers/help_center_controller.rb": {
        "lines": [
          1,
          null,
          1,
          null,
          null,
          null,
          1,
          null,
          null,
          null,
          null,
          null,
          null,
          null,
          null,
          null,
          null,
          null,
          null,
          null,
          null,
          1,
          null,
          1,
          1,
          null,
          1,
          1,
          1,
          null,
          1,
          null,
          1,
          null,
          null,
          null,
          1,
          1,
          1,
          null,
          1,
          0,
          0,
          null,
          null,
          null,
          1,
          0,
          0,
          null,
          null,
          2,
          null,
          1,
          0,
          0,
          null,
          null,
          1,
          1,
          null,
          null,
          1,
          null,
          1,
          1,
          null,
          null,
          1,
          3,
          3,
          3,
          null,
          6,
          3,
          null,
          3,
          null,
          null,
          null,
          null,
          3,
          3,
          null,
          null,
          null,
          1,
          2,
          4,
          null,
          null,
          null,
          1,
          2,
          4,
          null,
          4,
          6,
          6,
          null,
          null,
          null,
          null,
          1,
          3,
          null,
          9,
          null,
          null,
          1,
          5,
          null,
          null,
          1,
          1,
          null,
          null,
          1,
          null,
          null,
          null,
          null,
          null,
          null,
          null,
          null,
          null,
          1,
          null,
          1,
          null,
          null,
          null,
          null,
          null,
          null,
          null
        ]
      },
      "/Users/orsontamin/Code/Jesselton-Pixel/wastays/app/controllers/hotel_portal/arrivals_controller.rb": {
        "lines": [
          1,
          1,
          1,
          1,
          null,
          1,
          null,
          null,
          null,
          null,
          1,
          0,
          0,
          null,
          null,
          null,
          null,
          null,
          1,
          null,
          1,
          1,
          null,
          null
        ]
      },
      "/Users/orsontamin/Code/Jesselton-Pixel/wastays/app/controllers/hotel_portal/base_controller.rb": {
        "lines": [
          1,
          1,
          1,
          1,
          1,
          null,
          null
        ]
      },
      "/Users/orsontamin/Code/Jesselton-Pixel/wastays/app/controllers/hotel_portal/audit_logs_controller.rb": {
        "lines": [
          1,
          null,
          1,
          1,
          1,
          null,
          null,
          1,
          1,
          null,
          1,
          0,
          null,
          null,
          1,
          2,
          1,
          null,
          null,
          null,
          1,
          null,
          1,
          0,
          null,
          0,
          0,
          null,
          0,
          0,
          null,
          null,
          null,
          null,
          null,
          null,
          null,
          null,
          null,
          null,
          null,
          null
        ]
      },
      "/Users/orsontamin/Code/Jesselton-Pixel/wastays/app/controllers/hotel_portal/bookings/booking_notes_controller.rb": {
        "lines": [
          1,
          1,
          1,
          1,
          1,
          null,
          1,
          1,
          1,
          null,
          1,
          1,
          1,
          2,
          null,
          null,
          0,
          0,
          0,
          null,
          null,
          null,
          null,
          1,
          0,
          null,
          0,
          0,
          0,
          0,
          null,
          0,
          null,
          null,
          0,
          0,
          null,
          null,
          null,
          null,
          null,
          null,
          null,
          null,
          0,
          0,
          0,
          0,
          null,
          null,
          0,
          0,
          0,
          null,
          null,
          null,
          null,
          1,
          0,
          0,
          0,
          0,
          null,
          null,
          0,
          0,
          0,
          null,
          null,
          null,
          null,
          1,
          null,
          1,
          1,
          null,
          null,
          1,
          0,
          null,
          null,
          1,
          1,
          null,
          null,
          1,
          0,
          null,
          null,
          null,
          null,
          null,
          null,
          null,
          null,
          null,
          null,
          null,
          null,
          null
        ]
      },
      "/Users/orsontamin/Code/Jesselton-Pixel/wastays/app/controllers/hotel_portal/bookings_controller.rb": {
        "lines": [
          1,
          1,
          1,
          null,
          null,
          1,
          0,
          null,
          null,
          1,
          0,
          null,
          null,
          null,
          1,
          1,
          1,
          null,
          null,
          1,
          1,
          1,
          1,
          null,
          0,
          null,
          null,
          null,
          1,
          1,
          null,
          1,
          1,
          null,
          0,
          null,
          null,
          null,
          1,
          1,
          null,
          1,
          1,
          null,
          0,
          null,
          null,
          null,
          1,
          1,
          null,
          1,
          null,
          1,
          1,
          null,
          0,
          null,
          null,
          null,
          1,
          null,
          1,
          1,
          null,
          null,
          1,
          null,
          1,
          1,
          0,
          0,
          0,
          null,
          0,
          0,
          0,
          null,
          null,
          null,
          null,
          null,
          1,
          2,
          2,
          null,
          0,
          null,
          0,
          null,
          null
        ]
      },
      "/Users/orsontamin/Code/Jesselton-Pixel/wastays/app/models/booking_room.rb": {
        "lines": [
          1,
          1,
          1,
          null,
          1,
          null
        ]
      },
      "/Users/orsontamin/Code/Jesselton-Pixel/wastays/app/controllers/hotel_portal/reports_controller.rb": {
        "lines": [
          1,
          1,
          1,
          1,
          null,
          1,
          null,
          null,
          1,
          1,
          1,
          1,
          null,
          null,
          1,
          0,
          null,
          null,
          null
        ]
      },
      "/Users/orsontamin/Code/Jesselton-Pixel/wastays/app/controllers/public/hotels_controller.rb": {
        "lines": [
          1,
          1,
          null,
          1,
          1,
          1,
          null,
          null,
          1,
          1,
          null,
          1,
          null,
          1,
          1,
          null,
          null
        ]
      },
      "/Users/orsontamin/Code/Jesselton-Pixel/wastays/app/controllers/public/payment_mocks_controller.rb": {
        "lines": [
          1,
          1,
          null,
          1,
          1,
          null,
          null,
          1,
          1,
          null,
          null,
          1,
          null,
          null,
          1,
          null,
          null,
          null,
          null,
          1,
          null,
          1,
          null,
          1,
          1,
          0,
          null,
          null,
          null,
          1,
          1,
          1,
          0,
          null,
          1,
          null,
          null,
          null,
          null,
          1,
          null,
          1,
          1,
          null,
          null,
          1,
          null,
          1,
          null,
          null,
          null,
          null,
          null,
          null,
          null,
          null,
          null,
          null,
          null,
          null,
          null,
          null,
          null,
          1,
          null,
          null,
          1,
          null,
          null,
          null,
          null,
          null,
          null,
          null,
          null,
          null,
          null,
          null,
          null,
          null,
          null,
          null,
          1,
          1,
          null,
          null
        ]
      },
      "/Users/orsontamin/Code/Jesselton-Pixel/wastays/app/services/booking_engine/confirm_booking.rb": {
        "lines": [
          1,
          null,
          1,
          1,
          1,
          1,
          1,
          null,
          null,
          1,
          1,
          null,
          1,
          null,
          1,
          0,
          null,
          null,
          null,
          1,
          1,
          1,
          null,
          1,
          0,
          0,
          0,
          null,
          0,
          null,
          null,
          null,
          null,
          null,
          null,
          null,
          null,
          null,
          null,
          null,
          null,
          null,
          null,
          null,
          null,
          null,
          null,
          null,
          null,
          null,
          null,
          null,
          null,
          null,
          0,
          null,
          0,
          null,
          null,
          null,
          null,
          null,
          null,
          null,
          null,
          null,
          0,
          0,
          null,
          null,
          null,
          0,
          null,
          null,
          0,
          0,
          null,
          null,
          null,
          null,
          null,
          null,
          null,
          null,
          null,
          null,
          0,
          null,
          null,
          null,
          null,
          0,
          null,
          0,
          null,
          null,
          null,
          1,
          null,
          null,
          1,
          null,
          1,
          1,
          null,
          null,
          1,
          1,
          null,
          1,
          0,
          null,
          null,
          null
        ]
      },
      "/Users/orsontamin/Code/Jesselton-Pixel/wastays/app/controllers/public/webhooks_controller.rb": {
        "lines": [
          1,
          1,
          1,
          null,
          1,
          1,
          null,
          null,
          1,
          1,
          1,
          null,
          1,
          1,
          null,
          null,
          1,
          1,
          1,
          null,
          1,
          0,
          0,
          null,
          null,
          1,
          0,
          0,
          null,
          0,
          0,
          0,
          null,
          null,
          0,
          null,
          null,
          0,
          0,
          0,
          null,
          null,
          null,
          0,
          null,
          0,
          0,
          0,
          null,
          null,
          null,
          null,
          null,
          null,
          null,
          null,
          null,
          null,
          null,
          null,
          null,
          0,
          0,
          0,
          null,
          0,
          0,
          null,
          null,
          0,
          0,
          null,
          null,
          1,
          1,
          1,
          null,
          null,
          1,
          null,
          1,
          0,
          null,
          0,
          null,
          0,
          null,
          null,
          null
        ]
      },
      "/Users/orsontamin/Code/Jesselton-Pixel/wastays/app/controllers/static_pages_controller.rb": {
        "lines": [
          1,
          1,
          1,
          1,
          0,
          0,
          null,
          null,
          null,
          1,
          null,
          null
        ]
      },
      "/Users/orsontamin/Code/Jesselton-Pixel/wastays/app/services/booking_engine/hold_inventory.rb": {
        "lines": [
          1,
          1,
          1,
          1,
          1,
          null,
          null,
          1,
          1,
          1,
          1,
          1,
          null,
          null,
          1,
          2,
          null,
          null,
          2,
          0,
          null,
          null,
          2,
          null,
          null,
          1,
          null,
          null,
          0,
          null,
          null,
          null
        ]
      },
      "/Users/orsontamin/Code/Jesselton-Pixel/wastays/app/services/hotel_ops/seed_account_roles.rb": {
        "lines": [
          1,
          1,
          null,
          1,
          null,
          null,
          null,
          null,
          null,
          1,
          7,
          28,
          28,
          null,
          null,
          28,
          203,
          203,
          null,
          null,
          null,
          null,
          null
        ]
      },
      "/Users/orsontamin/Code/Jesselton-Pixel/wastays/app/controllers/public/registrations_controller.rb": {
        "lines": [
          1,
          1,
          3,
          3,
          3,
          null,
          null,
          1,
          3,
          null,
          null,
          null,
          null,
          null,
          3,
          2,
          2,
          null,
          1,
          1,
          1,
          1,
          1,
          null,
          null,
          null,
          1,
          null,
          1,
          4,
          null,
          null,
          1,
          4,
          null,
          null,
          1,
          4,
          null,
          null
        ]
      },
      "/Users/orsontamin/Code/Jesselton-Pixel/wastays/app/controllers/hotel_portal/dashboard_controller.rb": {
        "lines": [
          1,
          1,
          12,
          12,
          0,
          0,
          null,
          null,
          12,
          11,
          null,
          null,
          1,
          1,
          null,
          1,
          1,
          null,
          null,
          null,
          null,
          null,
          1,
          null,
          null,
          1,
          7,
          7,
          null,
          7,
          null,
          null,
          7,
          null,
          null,
          null,
          null,
          1,
          1,
          1,
          null,
          1,
          1,
          null,
          0,
          null,
          null,
          null
        ]
      },
      "/Users/orsontamin/Code/Jesselton-Pixel/wastays/app/controllers/hotel_portal/profiles_controller.rb": {
        "lines": [
          1,
          1,
          2,
          2,
          null,
          null,
          1,
          2,
          2,
          null,
          2,
          2,
          2,
          null,
          0,
          null,
          null,
          null,
          1,
          null,
          1,
          2,
          null,
          null
        ]
      },
      "/Users/orsontamin/Code/Jesselton-Pixel/wastays/app/policies/hotel_policy.rb": {
        "lines": [
          1,
          1,
          0,
          null,
          null,
          1,
          0,
          null,
          null,
          1,
          17,
          null,
          null,
          1,
          1,
          0,
          0,
          null,
          0,
          null,
          null,
          null,
          null
        ]
      },
      "/Users/orsontamin/Code/Jesselton-Pixel/wastays/app/policies/application_policy.rb": {
        "lines": [
          null,
          null,
          1,
          1,
          null,
          1,
          17,
          17,
          null,
          null,
          1,
          0,
          null,
          null,
          1,
          0,
          null,
          null,
          1,
          0,
          null,
          null,
          1,
          0,
          null,
          null,
          1,
          0,
          null,
          null,
          1,
          4,
          null,
          null,
          1,
          0,
          null,
          null,
          1,
          1,
          0,
          0,
          null,
          null,
          1,
          0,
          null,
          null,
          1,
          null,
          1,
          null,
          null
        ]
      },
      "/Users/orsontamin/Code/Jesselton-Pixel/wastays/app/controllers/hotel_portal/property_policies_controller.rb": {
        "lines": [
          1,
          1,
          2,
          2,
          2,
          null,
          null,
          1,
          2,
          2,
          2,
          null,
          2,
          2,
          2,
          null,
          0,
          null,
          null,
          null,
          1,
          null,
          1,
          2,
          null,
          null
        ]
      },
      "/Users/orsontamin/Code/Jesselton-Pixel/wastays/app/controllers/hotel_portal/room_types_controller.rb": {
        "lines": [
          1,
          1,
          null,
          1,
          4,
          4,
          null,
          null,
          1,
          0,
          null,
          null,
          1,
          2,
          2,
          null,
          null,
          1,
          2,
          2,
          null,
          2,
          2,
          2,
          null,
          0,
          null,
          null,
          null,
          1,
          0,
          null,
          null,
          1,
          0,
          null,
          0,
          0,
          null,
          0,
          null,
          null,
          null,
          1,
          0,
          0,
          0,
          null,
          null,
          1,
          null,
          1,
          0,
          null,
          null,
          1,
          2,
          null,
          null
        ]
      },
      "/Users/orsontamin/Code/Jesselton-Pixel/wastays/app/controllers/admin/dashboard_controller.rb": {
        "lines": [
          1,
          1,
          1,
          1,
          1,
          1,
          null,
          1,
          1,
          1,
          null,
          null,
          1,
          1,
          null,
          null
        ]
      },
      "/Users/orsontamin/Code/Jesselton-Pixel/wastays/app/controllers/admin/hotels_controller.rb": {
        "lines": [
          1,
          1,
          null,
          1,
          1,
          null,
          null,
          1,
          null,
          null,
          1,
          0,
          null,
          null,
          1,
          0,
          0,
          0,
          null,
          0,
          0,
          null,
          0,
          null,
          null,
          null,
          1,
          null,
          null,
          1,
          0,
          0,
          null,
          0,
          null,
          null,
          null,
          1,
          1,
          1,
          null,
          0,
          null,
          null,
          null,
          1,
          0,
          0,
          null,
          0,
          null,
          null,
          null,
          1,
          null,
          1,
          3,
          null,
          null,
          1,
          0,
          null,
          null,
          1,
          0,
          null,
          null,
          1,
          0,
          0,
          null,
          null,
          1,
          0,
          null,
          null
        ]
      },
      "/Users/orsontamin/Code/Jesselton-Pixel/wastays/app/controllers/admin/bookings_controller.rb": {
        "lines": [
          0,
          0,
          0,
          0,
          0,
          0,
          0,
          0,
          0,
          null,
          0,
          0,
          0,
          0,
          0
        ],
        "branches": {}
      },
      "/Users/orsontamin/Code/Jesselton-Pixel/wastays/app/controllers/admin/profiles_controller.rb": {
        "lines": [
          0,
          0,
          0,
          0,
          0,
          null,
          0,
          0,
          0,
          0,
          0,
          0,
          0,
          0,
          null,
          0,
          null,
          0,
          0,
          0,
          0,
          0
        ],
        "branches": {}
      },
      "/Users/orsontamin/Code/Jesselton-Pixel/wastays/app/controllers/hotel_portal/guests_controller.rb": {
        "lines": [
          0,
          0,
          0,
          null,
          0,
          null,
          0,
          0,
          null,
          0,
          0,
          0,
          0,
          0,
          0,
          0,
          0,
          0,
          null,
          0,
          0,
          0,
          0,
          null,
          0,
          0,
          0,
          0,
          0,
          null,
          0,
          null,
          0,
          0,
          0,
          null,
          0,
          0,
          null,
          0,
          null,
          0,
          0,
          0,
          null,
          0,
          0,
          0,
          0
        ],
        "branches": {}
      },
      "/Users/orsontamin/Code/Jesselton-Pixel/wastays/app/controllers/hotel_portal/inventories_controller.rb": {
        "lines": [
          0,
          0,
          null,
          0,
          0,
          0,
          0,
          null,
          0,
          0,
          null,
          0,
          0,
          null,
          0,
          0,
          0,
          0,
          0,
          0,
          0,
          0,
          0,
          null,
          0,
          0,
          0,
          0,
          0,
          0,
          null,
          0,
          null,
          0,
          0,
          0,
          null,
          0,
          0,
          0,
          0
        ],
        "branches": {}
      },
      "/Users/orsontamin/Code/Jesselton-Pixel/wastays/app/controllers/hotel_portal/inventory_audit_logs_controller.rb": {
        "lines": [
          0,
          0,
          0,
          0,
          0
        ],
        "branches": {}
      },
      "/Users/orsontamin/Code/Jesselton-Pixel/wastays/app/controllers/hotel_portal/inventory_dashboards_controller.rb": {
        "lines": [
          0,
          0,
          0,
          null,
          0,
          0,
          null,
          0,
          null,
          null,
          0,
          0,
          null,
          0,
          0,
          0,
          0,
          0,
          null,
          0,
          0,
          null,
          0,
          0,
          0,
          0,
          0,
          0,
          0,
          0,
          0,
          0,
          null,
          0,
          0,
          0,
          0,
          0,
          0,
          null,
          0,
          null,
          0,
          0,
          0,
          0
        ],
        "branches": {}
      },
      "/Users/orsontamin/Code/Jesselton-Pixel/wastays/app/controllers/hotel_portal/rates_controller.rb": {
        "lines": [
          0,
          0,
          null,
          0,
          0,
          0,
          0,
          null,
          0,
          0,
          null,
          0,
          0,
          null,
          0,
          0,
          0,
          0,
          0,
          0,
          0,
          0,
          0,
          null,
          0,
          0,
          0,
          0,
          0,
          0,
          null,
          0,
          null,
          0,
          0,
          0,
          null,
          0,
          0,
          0,
          0
        ],
        "branches": {}
      },
      "/Users/orsontamin/Code/Jesselton-Pixel/wastays/app/controllers/hotel_portal/settings_controller.rb": {
        "lines": [
          0,
          0,
          0,
          0,
          0,
          0,
          0,
          0,
          0,
          0,
          0,
          0,
          0,
          0,
          0,
          0,
          0,
          0,
          0,
          null,
          0,
          null,
          0,
          0,
          0,
          0,
          0,
          0,
          0,
          0,
          0,
          0,
          0
        ],
        "branches": {}
      },
      "/Users/orsontamin/Code/Jesselton-Pixel/wastays/app/controllers/hotel_portal/user_profiles_controller.rb": {
        "lines": [
          0,
          0,
          0,
          0,
          0,
          null,
          0,
          0,
          0,
          0,
          0,
          0,
          0,
          0,
          null,
          0,
          null,
          0,
          0,
          0,
          0,
          0
        ],
        "branches": {}
      },
      "/Users/orsontamin/Code/Jesselton-Pixel/wastays/app/controllers/public/bookings_controller.rb": {
        "lines": [
          0,
          0,
          null,
          0,
          0,
          0,
          0,
          0,
          0
        ],
        "branches": {}
      },
      "/Users/orsontamin/Code/Jesselton-Pixel/wastays/app/controllers/public/quotes_controller.rb": {
        "lines": [
          0,
          0,
          null,
          0,
          0,
          null,
          0,
          0,
          0,
          0,
          0,
          0,
          null,
          0,
          0,
          null,
          0,
          0,
          0,
          0,
          null,
          0,
          0,
          0,
          0,
          null,
          0,
          null,
          0,
          0,
          0,
          null,
          0,
          0,
          0,
          null,
          0,
          0,
          null,
          0,
          0,
          0,
          null,
          0,
          0,
          0,
          0,
          null,
          0,
          0,
          0,
          null,
          0,
          0,
          0,
          null,
          0,
          0,
          0,
          0,
          0,
          null,
          0,
          0,
          0,
          0,
          0,
          null,
          0,
          0,
          0,
          0,
          0,
          0,
          0,
          0
        ],
        "branches": {}
      },
      "/Users/orsontamin/Code/Jesselton-Pixel/wastays/app/mailers/application_mailer.rb": {
        "lines": [
          0,
          0,
          0,
          0
        ],
        "branches": {}
      },
      "/Users/orsontamin/Code/Jesselton-Pixel/wastays/app/services/guest_arrival/create_or_match_guest.rb": {
        "lines": [
          0,
          null,
          0,
          0,
          0,
          0,
          0,
          0,
          0,
          0,
          0,
          0,
          0,
          null,
          0,
          0,
          null,
          0,
          0,
          0,
          0,
          0,
          0,
          0,
          0,
          0,
          0,
          0,
          0,
          0,
          0,
          0,
          0,
          0,
          0,
          0,
          null,
          0,
          0,
          null,
          0,
          null,
          0,
          null,
          0,
          0,
          0,
          0,
          null,
          null,
          0,
          0,
          0,
          0,
          null,
          null,
          0,
          0,
          0,
          0,
          null,
          0,
          0,
          0,
          0
        ],
        "branches": {}
      },
      "/Users/orsontamin/Code/Jesselton-Pixel/wastays/app/services/guest_arrival/start_pre_checkin.rb": {
        "lines": [
          0,
          null,
          0,
          0,
          0,
          0,
          0,
          null,
          0,
          0,
          null,
          0,
          0,
          0,
          0,
          0,
          0,
          null,
          0,
          null,
          null,
          null,
          null,
          0,
          0,
          0,
          0,
          0,
          0,
          0
        ],
        "branches": {}
      },
      "/Users/orsontamin/Code/Jesselton-Pixel/wastays/app/services/hotel_ops/bulk_update_rates_and_inventory.rb": {
        "lines": [
          0,
          0,
          0,
          0,
          0,
          0,
          0,
          0,
          0,
          0,
          0,
          0,
          null,
          0,
          0,
          0,
          null,
          0,
          0,
          0,
          0,
          0,
          0,
          0,
          0,
          0,
          0,
          null,
          0,
          null,
          0,
          0,
          0,
          0,
          0,
          0,
          0,
          0,
          0,
          0,
          null,
          0,
          0,
          0,
          0,
          0,
          0,
          0,
          0,
          0,
          0,
          0,
          0,
          0
        ],
        "branches": {}
      },
      "/Users/orsontamin/Code/Jesselton-Pixel/wastays/app/services/payments/base_adapter.rb": {
        "lines": [
          0,
          0,
          0,
          0,
          0,
          null,
          0,
          0,
          0,
          null,
          0,
          0,
          0,
          null,
          0,
          0,
          0,
          0,
          0
        ],
        "branches": {}
      },
      "/Users/orsontamin/Code/Jesselton-Pixel/wastays/app/services/payments/gateway_adapters/curlec.rb": {
        "lines": [
          0,
          0,
          0,
          0,
          null,
          null,
          null,
          null,
          0,
          0,
          0,
          0,
          0,
          0,
          0,
          0,
          null,
          0,
          0,
          0,
          null,
          null,
          null,
          0,
          0,
          null,
          0,
          0,
          0,
          0,
          0,
          0,
          0,
          0,
          0,
          0,
          0,
          0
        ],
        "branches": {}
      }
    },
    "timestamp": 1775022333
  }
}
